[    0.000000] Initializing cgroup subsys cpuset
[    0.000000] Initializing cgroup subsys cpu
[    0.000000] Initializing cgroup subsys cpuacct
[    0.000000] Linux version 4.4.0-178-generic (buildd@lgw01-amd64-017) (gcc version 5.4.0 20160609 (Ubuntu 5.4.0-6ubuntu1~16.04.12) ) #208-Ubuntu SMP Sun Apr 5 23:45:10 UTC 2020 (Ubuntu 4.4.0-178.208-generic 4.4.217)
[    0.000000] Command line: BOOT_IMAGE=/boot/vmlinuz-4.4.0-178-generic root=LABEL=cloudimg-rootfs ro console=tty1 console=ttyS0
[    0.000000] KERNEL supported cpus:
[    0.000000]   Intel GenuineIntel
[    0.000000]   AMD AuthenticAMD
[    0.000000]   Centaur CentaurHauls
[    0.000000] x86/fpu: xstate_offset[2]:  576, xstate_sizes[2]:  256
[    0.000000] x86/fpu: Supporting XSAVE feature 0x01: 'x87 floating point registers'
[    0.000000] x86/fpu: Supporting XSAVE feature 0x02: 'SSE registers'
[    0.000000] x86/fpu: Supporting XSAVE feature 0x04: 'AVX registers'
[    0.000000] x86/fpu: Enabled xstate features 0x7, context size is 832 bytes, using 'standard' format.
[    0.000000] e820: BIOS-provided physical RAM map:
[    0.000000] BIOS-e820: [mem 0x0000000000000000-0x000000000009fbff] usable
[    0.000000] BIOS-e820: [mem 0x000000000009fc00-0x000000000009ffff] reserved
[    0.000000] BIOS-e820: [mem 0x00000000000f0000-0x00000000000fffff] reserved
[    0.000000] BIOS-e820: [mem 0x0000000000100000-0x000000001ffeffff] usable
[    0.000000] BIOS-e820: [mem 0x000000001fff0000-0x000000001fffffff] ACPI data
[    0.000000] BIOS-e820: [mem 0x00000000fec00000-0x00000000fec00fff] reserved
[    0.000000] BIOS-e820: [mem 0x00000000fee00000-0x00000000fee00fff] reserved
[    0.000000] BIOS-e820: [mem 0x00000000fffc0000-0x00000000ffffffff] reserved
[    0.000000] NX (Execute Disable) protection: active
[    0.000000] SMBIOS 2.5 present.
[    0.000000] Hypervisor detected: KVM
[    0.000000] e820: last_pfn = 0x1fff0 max_arch_pfn = 0x400000000
[    0.000000] MTRR: Disabled
[    0.000000] x86/PAT: MTRRs disabled, skipping PAT initialization too.
[    0.000000] CPU MTRRs all blank - virtualized system.
[    0.000000] x86/PAT: Configuration [0-7]: WB  WT  UC- UC  WB  WT  UC- UC  
[    0.000000] found SMP MP-table at [mem 0x0009fff0-0x0009ffff] mapped at [ffff88000009fff0]
[    0.000000] Scanning 1 areas for low memory corruption
[    0.000000] RAMDISK: [mem 0x1e89b000-0x1f722fff]
[    0.000000] ACPI: Early table checksum verification disabled
[    0.000000] ACPI: RSDP 0x00000000000E0000 000024 (v02 VBOX  )
[    0.000000] ACPI: XSDT 0x000000001FFF0030 00003C (v01 VBOX   VBOXXSDT 00000001 ASL  00000061)
[    0.000000] ACPI: FACP 0x000000001FFF00F0 0000F4 (v04 VBOX   VBOXFACP 00000001 ASL  00000061)
[    0.000000] ACPI: DSDT 0x000000001FFF0470 002325 (v02 VBOX   VBOXBIOS 00000002 INTL 20100528)
[    0.000000] ACPI: FACS 0x000000001FFF0200 000040
[    0.000000] ACPI: FACS 0x000000001FFF0200 000040
[    0.000000] ACPI: APIC 0x000000001FFF0240 00005C (v02 VBOX   VBOXAPIC 00000001 ASL  00000061)
[    0.000000] ACPI: SSDT 0x000000001FFF02A0 0001CC (v01 VBOX   VBOXCPUT 00000002 INTL 20100528)
[    0.000000] No NUMA configuration found
[    0.000000] Faking a node at [mem 0x0000000000000000-0x000000001ffeffff]
[    0.000000] NODE_DATA(0) allocated [mem 0x1ffeb000-0x1ffeffff]
[    0.000000] kvm-clock: Using msrs 4b564d01 and 4b564d00
[    0.000000] kvm-clock: cpu 0, msr 0:1ffe3001, primary cpu clock
[    0.000000] kvm-clock: using sched offset of 3590142917 cycles
[    0.000000] clocksource: kvm-clock: mask: 0xffffffffffffffff max_cycles: 0x1cd42e4dffb, max_idle_ns: 881590591483 ns
[    0.000000] Zone ranges:
[    0.000000]   DMA      [mem 0x0000000000001000-0x0000000000ffffff]
[    0.000000]   DMA32    [mem 0x0000000001000000-0x000000001ffeffff]
[    0.000000]   Normal   empty
[    0.000000]   Device   empty
[    0.000000] Movable zone start for each node
[    0.000000] Early memory node ranges
[    0.000000]   node   0: [mem 0x0000000000001000-0x000000000009efff]
[    0.000000]   node   0: [mem 0x0000000000100000-0x000000001ffeffff]
[    0.000000] Initmem setup node 0 [mem 0x0000000000001000-0x000000001ffeffff]
[    0.000000] ACPI: PM-Timer IO Port: 0x4008
[    0.000000] IOAPIC[0]: apic_id 2, version 32, address 0xfec00000, GSI 0-23
[    0.000000] ACPI: INT_SRC_OVR (bus 0 bus_irq 0 global_irq 2 dfl dfl)
[    0.000000] ACPI: INT_SRC_OVR (bus 0 bus_irq 9 global_irq 9 low level)
[    0.000000] Using ACPI (MADT) for SMP configuration information
[    0.000000] smpboot: Allowing 2 CPUs, 0 hotplug CPUs
[    0.000000] PM: Registered nosave memory: [mem 0x00000000-0x00000fff]
[    0.000000] PM: Registered nosave memory: [mem 0x0009f000-0x0009ffff]
[    0.000000] PM: Registered nosave memory: [mem 0x000a0000-0x000effff]
[    0.000000] PM: Registered nosave memory: [mem 0x000f0000-0x000fffff]
[    0.000000] e820: [mem 0x20000000-0xfebfffff] available for PCI devices
[    0.000000] Booting paravirtualized kernel on KVM
[    0.000000] clocksource: refined-jiffies: mask: 0xffffffff max_cycles: 0xffffffff, max_idle_ns: 7645519600211568 ns
[    0.000000] setup_percpu: NR_CPUS:512 nr_cpumask_bits:512 nr_cpu_ids:2 nr_node_ids:1
[    0.000000] PERCPU: Embedded 33 pages/cpu @ffff88001fc00000 s95448 r8192 d31528 u1048576
[    0.000000] Built 1 zonelists in Node order, mobility grouping on.  Total pages: 128888
[    0.000000] Policy zone: DMA32
[    0.000000] Kernel command line: BOOT_IMAGE=/boot/vmlinuz-4.4.0-178-generic root=LABEL=cloudimg-rootfs ro console=tty1 console=ttyS0
[    0.000000] PID hash table entries: 2048 (order: 2, 16384 bytes)
[    0.000000] Memory: 481592K/523832K available (8626K kernel code, 1336K rwdata, 4036K rodata, 1488K init, 1292K bss, 42240K reserved, 0K cma-reserved)
[    0.000000] SLUB: HWalign=64, Order=0-3, MinObjects=0, CPUs=2, Nodes=1
[    0.000000] Kernel/User page tables isolation: enabled
[    0.000000] Hierarchical RCU implementation.
[    0.000000] 	Build-time adjustment of leaf fanout to 64.
[    0.000000] 	RCU restricting CPUs from NR_CPUS=512 to nr_cpu_ids=2.
[    0.000000] RCU: Adjusting geometry for rcu_fanout_leaf=64, nr_cpu_ids=2
[    0.000000] NR_IRQS:33024 nr_irqs:440 16
[    0.000000] Console: colour VGA+ 80x25
[    0.000000] console [tty1] enabled
[    0.000000] console [ttyS0] enabled
[    0.000000] tsc: Detected 1392.000 MHz processor
[    0.135223] Calibrating delay loop (skipped) preset value.. 2784.00 BogoMIPS (lpj=5568000)
[    0.136929] pid_max: default: 32768 minimum: 301
[    0.137861] ACPI: Core revision 20150930
[    0.139431] ACPI: 2 ACPI AML tables successfully acquired and loaded
[    0.140753] Security Framework initialized
[    0.141596] Yama: becoming mindful.
[    0.142355] AppArmor: AppArmor initialized
[    0.143283] Dentry cache hash table entries: 65536 (order: 7, 524288 bytes)
[    0.144646] Inode-cache hash table entries: 32768 (order: 6, 262144 bytes)
[    0.145988] Mount-cache hash table entries: 1024 (order: 1, 8192 bytes)
[    0.147306] Mountpoint-cache hash table entries: 1024 (order: 1, 8192 bytes)
[    0.148734] Initializing cgroup subsys io
[    0.149807] Initializing cgroup subsys memory
[    0.150819] Initializing cgroup subsys devices
[    0.152191] Initializing cgroup subsys freezer
[    0.153137] Initializing cgroup subsys net_cls
[    0.154033] Initializing cgroup subsys perf_event
[    0.155430] Initializing cgroup subsys net_prio
[    0.156368] Initializing cgroup subsys hugetlb
[    0.157267] Initializing cgroup subsys pids
[    0.159764] mce: CPU supports 0 MCE banks
[    0.160629] Last level iTLB entries: 4KB 64, 2MB 8, 4MB 8
[    0.162004] Last level dTLB entries: 4KB 64, 2MB 0, 4MB 0, 1GB 4
[    0.163253] Spectre V1 : Mitigation: usercopy/swapgs barriers and __user pointer sanitization
[    0.165716] Spectre V2 : Mitigation: Full generic retpoline
[    0.166852] Spectre V2 : Spectre v2 / SpectreRSB mitigation: Filling RSB on context switch
[    0.168515] Speculative Store Bypass: Vulnerable
[    0.169508] MDS: Mitigation: Clear CPU buffers
[    0.172759] Freeing SMP alternatives memory: 36K
[    0.179044] ftrace: allocating 32308 entries in 127 pages
[    0.229836] smpboot: APIC(0) Converting physical 0 to logical package 0
[    0.231900] smpboot: Max logical packages: 1
[    0.233222] x2apic enabled
[    0.234025] Switched APIC routing to physical x2apic.
[    0.236009] ..TIMER: vector=0x30 apic1=0 pin1=2 apic2=-1 pin2=-1
[    0.345286] smpboot: CPU0: Intel(R) Core(TM) i5-8257U CPU @ 1.40GHz (family: 0x6, model: 0x8e, stepping: 0xa)
[    0.347885] Performance Events: unsupported p6 CPU model 142 no PMU driver, software events only.
[    0.359219] KVM setup paravirtual spinlock
[    0.361184] x86: Booting SMP configuration:
[    0.362113] .... node  #0, CPUs:      #1
[    0.363044] kvm-clock: cpu 1, msr 0:1ffe3041, secondary cpu clock
[    0.365629] mce: CPU supports 0 MCE banks
[    0.368263] x86: Booted up 1 node, 2 CPUs
[    0.369254] smpboot: Total of 2 processors activated (5568.00 BogoMIPS)
[    0.372490] devtmpfs: initialized
[    0.374869] evm: security.selinux
[    0.375604] evm: security.SMACK64
[    0.376548] evm: security.SMACK64EXEC
[    0.377465] evm: security.SMACK64TRANSMUTE
[    0.378310] evm: security.SMACK64MMAP
[    0.379540] evm: security.ima
[    0.380222] evm: security.capability
[    0.381268] clocksource: jiffies: mask: 0xffffffff max_cycles: 0xffffffff, max_idle_ns: 7645041785100000 ns
[    0.383577] futex hash table entries: 512 (order: 3, 32768 bytes)
[    0.385003] pinctrl core: initialized pinctrl subsystem
[    0.386132] RTC time: 15:06:32, date: 05/08/20
[    0.387177] NET: Registered protocol family 16
[    0.397485] cpuidle: using governor ladder
[    0.410182] cpuidle: using governor menu
[    0.412617] PCCT header not found.
[    0.414733] ACPI: bus type PCI registered
[    0.416300] acpiphp: ACPI Hot Plug PCI Controller Driver version: 0.5
[    0.418824] PCI: Using configuration type 1 for base access
[    0.434587] ACPI: Added _OSI(Module Device)
[    0.436007] ACPI: Added _OSI(Processor Device)
[    0.437297] ACPI: Added _OSI(3.0 _SCP Extensions)
[    0.438431] ACPI: Added _OSI(Processor Aggregator Device)
[    0.440491] ACPI: Executed 1 blocks of module-level executable AML code
[    0.444084] ACPI: Interpreter enabled
[    0.445065] ACPI: (supports S0 S5)
[    0.445806] ACPI: Using IOAPIC for interrupt routing
[    0.446971] PCI: Using host bridge windows from ACPI; if necessary, use "pci=nocrs" and report a bug
[    0.452932] ACPI: PCI Root Bridge [PCI0] (domain 0000 [bus 00-ff])
[    0.454290] acpi PNP0A03:00: _OSC: OS supports [ASPM ClockPM Segments MSI]
[    0.456345] acpi PNP0A03:00: _OSC: not requesting OS control; OS requires [ExtendedConfig ASPM ClockPM MSI]
[    0.458614] acpi PNP0A03:00: fail to add MMCONFIG information, can't access extended PCI configuration space under this bridge.
[    0.461497] PCI host bridge to bus 0000:00
[    0.462352] pci_bus 0000:00: root bus resource [io  0x0000-0x0cf7 window]
[    0.463632] pci_bus 0000:00: root bus resource [io  0x0d00-0xffff window]
[    0.465303] pci_bus 0000:00: root bus resource [mem 0x000a0000-0x000bffff window]
[    0.466845] pci_bus 0000:00: root bus resource [mem 0x20000000-0xfdffffff window]
[    0.468404] pci_bus 0000:00: root bus resource [bus 00-ff]
[    0.471678] pci 0000:00:01.1: legacy IDE quirk: reg 0x10: [io  0x01f0-0x01f7]
[    0.473052] pci 0000:00:01.1: legacy IDE quirk: reg 0x14: [io  0x03f6]
[    0.474291] pci 0000:00:01.1: legacy IDE quirk: reg 0x18: [io  0x0170-0x0177]
[    0.475736] pci 0000:00:01.1: legacy IDE quirk: reg 0x1c: [io  0x0376]
[    0.495464] pci 0000:00:07.0: quirk: [io  0x4000-0x403f] claimed by PIIX4 ACPI
[    0.497661] pci 0000:00:07.0: quirk: [io  0x4100-0x410f] claimed by PIIX4 SMB
[    0.502640] ACPI: PCI Interrupt Link [LNKA] (IRQs 5 9 10 *11)
[    0.504554] ACPI: PCI Interrupt Link [LNKB] (IRQs 5 9 *10 11)
[    0.506092] ACPI: PCI Interrupt Link [LNKC] (IRQs 5 *9 10 11)
[    0.507587] ACPI: PCI Interrupt Link [LNKD] (IRQs 5 9 10 *11)
[    0.509163] ACPI: Enabled 2 GPEs in block 00 to 07
[    0.510460] vgaarb: setting as boot device: PCI:0000:00:02.0
[    0.512051] vgaarb: device added: PCI:0000:00:02.0,decodes=io+mem,owns=io+mem,locks=none
[    0.513750] vgaarb: loaded
[    0.514682] vgaarb: bridge control possible 0000:00:02.0
[    0.515909] SCSI subsystem initialized
[    0.516817] ACPI: bus type USB registered
[    0.517799] usbcore: registered new interface driver usbfs
[    0.519173] usbcore: registered new interface driver hub
[    0.520267] usbcore: registered new device driver usb
[    0.521497] PCI: Using ACPI for IRQ routing
[    0.522692] NetLabel: Initializing
[    0.523437] NetLabel:  domain hash size = 128
[    0.524354] NetLabel:  protocols = UNLABELED CIPSOv4
[    0.525386] NetLabel:  unlabeled traffic allowed by default
[    0.526614] amd_nb: Cannot enumerate AMD northbridges
[    0.527673] clocksource: Switched to clocksource kvm-clock
[    0.534817] AppArmor: AppArmor Filesystem Enabled
[    0.536287] pnp: PnP ACPI init
[    0.538376] pnp: PnP ACPI: found 3 devices
[    0.547126] clocksource: acpi_pm: mask: 0xffffff max_cycles: 0xffffff, max_idle_ns: 2085701024 ns
[    0.549522] NET: Registered protocol family 2
[    0.550558] TCP established hash table entries: 4096 (order: 3, 32768 bytes)
[    0.552032] TCP bind hash table entries: 4096 (order: 4, 65536 bytes)
[    0.553273] TCP: Hash tables configured (established 4096 bind 4096)
[    0.554739] UDP hash table entries: 256 (order: 1, 8192 bytes)
[    0.555873] UDP-Lite hash table entries: 256 (order: 1, 8192 bytes)
[    0.557097] NET: Registered protocol family 1
[    0.558003] pci 0000:00:00.0: Limiting direct PCI/PCI transfers
[    0.559220] pci 0000:00:01.0: Activating ISA DMA hang workarounds
[    0.562041] Unpacking initramfs...
[    0.754529] Freeing initrd memory: 14880K
[    0.756057] clocksource: tsc: mask: 0xffffffffffffffff max_cycles: 0x14109b0720d, max_idle_ns: 440795259878 ns
[    0.758354] platform rtc_cmos: registered platform RTC device (no PNP device found)
[    0.759962] Scanning for low memory corruption every 60 seconds
[    0.761500] audit: initializing netlink subsys (disabled)
[    0.762596] audit: type=2000 audit(1588950398.598:1): initialized
[    0.764196] Initialise system trusted keyring
[    0.765320] HugeTLB registered 2 MB page size, pre-allocated 0 pages
[    0.767669] zbud: loaded
[    0.768595] VFS: Disk quotas dquot_6.6.0
[    0.769451] VFS: Dquot-cache hash table entries: 512 (order 0, 4096 bytes)
[    0.770927] squashfs: version 4.0 (2009/01/31) Phillip Lougher
[    0.772335] fuse init (API version 7.23)
[    0.773282] Key type big_key registered
[    0.774132] Allocating IMA MOK and blacklist keyrings.
[    0.776258] Key type asymmetric registered
[    0.777124] Asymmetric key parser 'x509' registered
[    0.778134] Block layer SCSI generic (bsg) driver version 0.4 loaded (major 249)
[    0.779735] io scheduler noop registered
[    0.780736] io scheduler deadline registered (default)
[    0.781849] io scheduler cfq registered
[    0.782741] pci_hotplug: PCI Hot Plug PCI Core version: 0.5
[    0.783854] pciehp: PCI Express Hot Plug Controller Driver version: 0.4
[    0.785832] ACPI: AC Adapter [AC] (off-line)
[    0.787099] input: Power Button as /devices/LNXSYSTM:00/LNXPWRBN:00/input/input0
[    0.788710] ACPI: Power Button [PWRF]
[    0.789559] input: Sleep Button as /devices/LNXSYSTM:00/LNXSLPBN:00/input/input1
[    0.791095] ACPI: Sleep Button [SLPF]
[    0.792306] GHES: HEST is not enabled!
[    0.793380] ACPI: Battery Slot [BAT0] (battery present)
[    0.794747] Serial: 8250/16550 driver, 32 ports, IRQ sharing enabled
[    0.816989] 00:02: ttyS0 at I/O 0x3f8 (irq = 4, base_baud = 115200) is a 16550A
[    0.821095] Linux agpgart interface v0.103
[    0.823469] loop: module loaded
[    0.824853] scsi host0: ata_piix
[    0.825664] scsi host1: ata_piix
[    0.826465] ata1: PATA max UDMA/33 cmd 0x1f0 ctl 0x3f6 bmdma 0xd000 irq 14
[    0.827766] ata2: PATA max UDMA/33 cmd 0x170 ctl 0x376 bmdma 0xd008 irq 15
[    0.829460] libphy: Fixed MDIO Bus: probed
[    0.830321] tun: Universal TUN/TAP device driver, 1.6
[    0.831325] tun: (C) 1999-2004 Max Krasnyansky <maxk@qualcomm.com>
[    0.832738] PPP generic driver version 2.4.2
[    0.834190] ehci_hcd: USB 2.0 'Enhanced' Host Controller (EHCI) Driver
[    0.835479] ehci-pci: EHCI PCI platform driver
[    0.836455] ehci-platform: EHCI generic platform driver
[    0.837491] ohci_hcd: USB 1.1 'Open' Host Controller (OHCI) Driver
[    0.838676] ohci-pci: OHCI PCI platform driver
[    0.839592] ohci-platform: OHCI generic platform driver
[    0.840675] uhci_hcd: USB Universal Host Controller Interface driver
[    0.841935] i8042: PNP: PS/2 Controller [PNP0303:PS2K,PNP0f03:PS2M] at 0x60,0x64 irq 1,12
[    0.844001] serio: i8042 KBD port at 0x60,0x64 irq 1
[    0.845000] serio: i8042 AUX port at 0x60,0x64 irq 12
[    0.846196] mousedev: PS/2 mouse device common for all mice
[    0.847599] input: AT Translated Set 2 keyboard as /devices/platform/i8042/serio0/input/input2
[    0.849925] rtc_cmos rtc_cmos: rtc core: registered rtc_cmos as rtc0
[    0.851181] rtc_cmos rtc_cmos: alarms up to one day, 114 bytes nvram
[    0.852444] i2c /dev entries driver
[    0.853244] device-mapper: uevent: version 1.0.3
[    0.854764] device-mapper: ioctl: 4.34.0-ioctl (2015-10-28) initialised: dm-devel@redhat.com
[    0.856554] ledtrig-cpu: registered to indicate activity on CPUs
[    0.858297] NET: Registered protocol family 10
[    0.859429] NET: Registered protocol family 17
[    0.860482] Key type dns_resolver registered
[    0.861719] registered taskstats version 1
[    0.862585] Loading compiled-in X.509 certificates
[    0.864020] Loaded X.509 cert 'Build time autogenerated kernel key: f33c437cc9123d9712070bdfe932b55b24c56047'
[    0.865983] zswap: loaded using pool lzo/zbud
[    0.868332] Key type trusted registered
[    0.871523] Key type encrypted registered
[    0.872409] AppArmor: AppArmor sha1 policy hashing enabled
[    0.873486] ima: No TPM chip found, activating TPM-bypass!
[    0.874594] ima: Allocated hash algorithm: sha1
[    0.875525] evm: HMAC attrs: 0x1
[    0.876591]   Magic number: 4:250:133
[    0.877450] rtc_cmos rtc_cmos: setting system clock to 2020-05-08 15:06:33 UTC (1588950393)
[    0.879216] BIOS EDD facility v0.16 2004-Jun-25, 0 devices found
[    0.880417] EDD information not available.
[    1.012245] Freeing unused kernel memory: 1488K
[    1.013275] Write protecting the kernel read-only data: 14336k
[    1.014997] Freeing unused kernel memory: 1604K
[    1.016572] Freeing unused kernel memory: 60K
Loading, please wait...
starting version 229
[    1.031772] random: systemd-udevd: uninitialized urandom read (16 bytes read, 3 bits of entropy available)
[    1.032352] random: udevadm: uninitialized urandom read (16 bytes read, 3 bits of entropy available)
[    1.032369] random: udevadm: uninitialized urandom read (16 bytes read, 3 bits of entropy available)
[    1.038255] random: systemd-udevd: uninitialized urandom read (16 bytes read, 3 bits of entropy available)
[    1.038854] random: udevadm: uninitialized urandom read (16 bytes read, 3 bits of entropy available)
[    1.038889] random: udevadm: uninitialized urandom read (16 bytes read, 3 bits of entropy available)
[    1.038994] random: udevadm: uninitialized urandom read (16 bytes read, 3 bits of entropy available)
[    1.039030] random: udevadm: uninitialized urandom read (16 bytes read, 3 bits of entropy available)
[    1.039066] random: udevadm: uninitialized urandom read (16 bytes read, 3 bits of entropy available)
[    1.039105] random: udevadm: uninitialized urandom read (16 bytes read, 3 bits of entropy available)
[    1.078620] Fusion MPT base driver 3.04.20
[    1.079918] Copyright (c) 1999-2008 LSI Corporation
[    1.081348] e1000: Intel(R) PRO/1000 Network Driver - version 7.3.21-k8-NAPI
[    1.082991] e1000: Copyright (c) 1999-2006 Intel Corporation.
[    1.086182] Fusion MPT SPI Host driver 3.04.20
[    1.100684] AVX2 version of gcm_enc/dec engaged.
[    1.102058] AES CTR mode by8 optimization enabled
[    1.299309] input: ImExPS/2 Generic Explorer Mouse as /devices/platform/i8042/serio1/input/input4
[    1.724228] e1000 0000:00:03.0 eth0: (PCI:33MHz:32-bit) 02:7c:3b:f4:17:68
[    1.725628] e1000 0000:00:03.0 eth0: Intel(R) PRO/1000 Network Connection
[    1.728493] e1000 0000:00:03.0 enp0s3: renamed from eth0
[    1.729693] mptbase: ioc0: Initiating bringup
[    2.117045] ioc0: LSI53C1030 A0: Capabilities={Initiator}
[    4.403869] scsi host2: ioc0: LSI53C1030 A0, FwRev=00000000h, Ports=1, MaxQ=256, IRQ=20
[    5.946766] scsi 2:0:0:0: Direct-Access     VBOX     HARDDISK         1.0  PQ: 0 ANSI: 5
[    5.949649] scsi target2:0:0: Beginning Domain Validation
[    5.953117] scsi target2:0:0: Domain Validation skipping write tests
[    5.954724] scsi target2:0:0: Ending Domain Validation
[    5.956302] scsi target2:0:0: asynchronous
[    5.958026] scsi 2:0:1:0: Direct-Access     VBOX     HARDDISK         1.0  PQ: 0 ANSI: 5
[    5.960090] scsi target2:0:1: Beginning Domain Validation
[    5.962776] scsi target2:0:1: Domain Validation skipping write tests
[    5.964297] scsi target2:0:1: Ending Domain Validation
[    5.965600] scsi target2:0:1: asynchronous
[    5.980700] sd 2:0:0:0: Attached scsi generic sg0 type 0
[    5.982132] sd 2:0:0:0: [sda] 20971520 512-byte logical blocks: (10.7 GB/10.0 GiB)
[    5.984098] sd 2:0:1:0: [sdb] 20480 512-byte logical blocks: (10.5 MB/10.0 MiB)
[    5.985724] sd 2:0:1:0: Attached scsi generic sg1 type 0
[    5.987053] sd 2:0:1:0: [sdb] Write Protect is off
[    5.988209] sd 2:0:0:0: [sda] Write Protect is off
[    5.989304] sd 2:0:1:0: [sdb] Incomplete mode parameter data
[    5.990452] sd 2:0:1:0: [sdb] Assuming drive cache: write through
[    5.991632] sd 2:0:0:0: [sda] Incomplete mode parameter data
[    5.992801] sd 2:0:0:0: [sda] Assuming drive cache: write through
[    5.997357]  sda: sda1
[    5.998687] sd 2:0:0:0: [sda] Attached SCSI disk
[    6.002931] sd 2:0:1:0: [sdb] Attached SCSI disk
Begin: Loading essential drivers ... [    7.285719] md: linear personality registered for level -1
[    7.289564] md: multipath personality registered for level -4
[    7.292921] md: raid0 personality registered for level 0
[    7.297758] md: raid1 personality registered for level 1
[    7.375717] raid6: sse2x1   gen() 13790 MB/s
[    7.445747] raid6: sse2x1   xor()  9765 MB/s
[    7.515819] raid6: sse2x2   gen() 16559 MB/s
[    7.584538] raid6: sse2x2   xor() 10703 MB/s
[    7.651930] raid6: sse2x4   gen() 17657 MB/s
[    7.722016] raid6: sse2x4   xor() 12183 MB/s
[    7.787749] raid6: avx2x1   gen() 21015 MB/s
[    7.856345] raid6: avx2x2   gen() 29305 MB/s
[    7.923690] raid6: avx2x4   gen() 31554 MB/s
[    7.925368] raid6: using algorithm avx2x4 gen() 31554 MB/s
[    7.927142] raid6: using avx2x2 recovery algorithm
[    7.929585] xor: automatically using best checksumming function:
[    7.967791]    avx       : 30088.000 MB/sec
[    7.970471] async_tx: api initialized (async)
[    7.980985] md: raid6 personality registered for level 6
[    7.982564] md: raid5 personality registered for level 5
[    7.983623] md: raid4 personality registered for level 4
[    7.989903] md: raid10 personality registered for level 10
done.
Begin: Running /scripts/init-premount ... done.
Begin: Mounting root file system ... Begin: Running /scripts/local-top ... done.
Begin: Running /scripts/local-premount ... [    8.016652] Btrfs loaded
Scanning for Btrfs filesystems
done.
Warning: fsck not present, so skipping root file system
[    8.042035] EXT4-fs (sda1): mounted filesystem with ordered data mode. Opts: (null)
done.
Begin: Running /scripts/local-bottom ... done.
Begin: Running /scripts/init-bottom ... done.
[    8.140277] systemd[1]: systemd 229 running in system mode. (+PAM +AUDIT +SELINUX +IMA +APPARMOR +SMACK +SYSVINIT +UTMP +LIBCRYPTSETUP +GCRYPT +GNUTLS +ACL +XZ -LZ4 +SECCOMP +BLKID +ELFUTILS +KMOD -IDN)
[    8.143707] systemd[1]: Detected virtualization oracle.
[    8.144825] systemd[1]: Detected architecture x86-64.

Welcome to [1mUbuntu 16.04.6 LTS[0m!

[    8.149543] systemd[1]: Set hostname to <ubuntu>.
[    8.153181] systemd[1]: Initializing machine ID from random generator.
[    8.154517] systemd[1]: Installed transient /etc/machine-id file.
[    8.286308] systemd[1]: Listening on Journal Socket.
[[0;32m  OK  [0m] Listening on Journal Socket.
[    8.288342] systemd[1]: Reached target Encrypted Volumes.
[[0;32m  OK  [0m] Reached target Encrypted Volumes.
[    8.296727] systemd[1]: Set up automount Arbitrary Executable File Formats File System Automount Point.
[[0;32m  OK  [0m] Set up automount Arbitrary Executab...ats File System Automount Point.
[    8.303312] systemd[1]: Started Trigger resolvconf update for networkd DNS.
[[0;32m  OK  [0m] Started Trigger resolvconf update for networkd DNS.
[    8.312970] systemd[1]: Created slice User and Session Slice.
[[0;32m  OK  [0m] Created slice User and Session Slice.
[    8.316877] systemd[1]: Reached target Swap.
[[0;32m  OK  [0m] Reached target Swap.
[    8.319427] systemd[1]: Listening on LVM2 poll daemon socket.
[[0;32m  OK  [0m] Listening on LVM2 poll daemon socket.
[    8.322313] systemd[1]: Listening on /dev/initctl Compatibility Named Pipe.
[[0;32m  OK  [0m] Listening on /dev/initctl Compatibility Named Pipe.
[    8.325293] systemd[1]: Started Forward Password Requests to Wall Directory Watch.
[[0;32m  OK  [0m] Started Forward Password Requests to Wall Directory Watch.
[    8.329056] systemd[1]: Listening on Journal Socket (/dev/log).
[[0;32m  OK  [0m] Listening on Journal Socket (/dev/log).
[    8.331706] systemd[1]: Reached target System Time Synchronized.
[[0;32m  OK  [0m] Reached target System Time Synchronized.
[    8.340091] systemd[1]: Listening on Syslog Socket.
[[0;32m  OK  [0m] Listening on Syslog Socket.
[    8.344544] systemd[1]: Listening on LVM2 metadata daemon socket.
[[0;32m  OK  [0m] Listening on LVM2 metadata daemon socket.
[    8.347759] systemd[1]: Listening on Journal Audit Socket.
[[0;32m  OK  [0m] Listening on Journal Audit Socket.
[    8.351221] systemd[1]: Listening on udev Kernel Socket.
[[0;32m  OK  [0m] Listening on udev Kernel Socket.
[    8.354252] systemd[1]: Listening on udev Control Socket.
[[0;32m  OK  [0m] Listening on udev Control Socket.
[    8.356816] systemd[1]: Listening on Device-mapper event daemon FIFOs.
[[0;32m  OK  [0m] Listening on Device-mapper event daemon FIFOs.
[    8.359647] systemd[1]: Created slice System Slice.
[[0;32m  OK  [0m] Created slice System Slice.
[    8.376593] systemd[1]: Starting Nameserver information manager...
         Starting Nameserver information manager...
[    8.389778] systemd[1]: Starting Monitoring of LVM2 mirrors, snapshots etc. using dmeventd or progress polling...
         Starting Monitoring of LVM2 mirrors... dmeventd or progress polling...
[    8.396247] systemd[1]: Mounting POSIX Message Queue File System...
         Mounting POSIX Message Queue File System...
[    8.399351] systemd[1]: Starting Set console keymap...
         Starting Set console keymap...
[    8.402337] systemd[1]: Mounting Debug File System...
         Mounting Debug File System...
[    8.404846] systemd[1]: Starting Remount Root and Kernel File Systems...
         Starting Remount Root and Kernel File Systems...
[    8.408003] systemd[1]: Starting Journal Service...
         Starting Journal Service...
[    8.410962] systemd[1]: Starting Uncomplicated firewall...
         Startin[    8.415810] EXT4-fs (sda1): re-mounted. Opts: (null)
g Uncomplicated firewall...
[    8.417800] systemd[1]: Mounting Huge Pages File System...
         Mounting Huge Pages File System...
[    8.420603] systemd[1]: Starting Create list of required static device nodes for the current kernel...
         Starting Create list of required st... nodes for the current kernel...
[    8.424585] systemd[1]: Reached target User and Group Name Lookups.
[[0;32m  OK  [0m] Reached target User and Group Name Lookups.
[    8.427309] systemd[1]: Created slice system-serial\x2dgetty.slice.
[[0;32m  OK  [0m] Created slice system-serial\x2dgetty.slice.
[    8.430503] systemd[1]: Reached target Slices.
[[0;32m  OK  [0m] Reached target Slices.
[    8.434114] systemd[1]: Starting Load Kernel Modules...
         Starting Load Kernel Modules...
[    8.442543] systemd[1]: Mounted POSIX Message Queue File System.
[[0;32m  OK  [0m] Mounted POSIX Message Queue File System.
[    8.446330] Loading iSCSI transport class v2.0-870.
[    8.452091] systemd[1]: Mounted Huge Pages File System.
[    8.453304] iscsi: registered transport (tcp)
[[0;32m  OK  [0m] Mounted Huge Pages File System.
[    8.455015] systemd[1]: Mounted Debug File System.
[[0;32m  OK  [0m] Mounted Debug File System.
[    8.457098] systemd[1]: Started Journal Service.
[[0;32m  OK  [0m] Started Journal Service.
[[0;32m  OK  [0m] Started Remount Root and Kernel File Systems.
[[0;32m  OK  [0m] Started Uncomplicated firewall.
[[0;32m  OK  [0m] Started Set console keymap.
[[0;32m  OK  [0m] Started Create list of required sta...ce nodes for the current kernel.
[[0;32m  OK  [0m] Started Nameserver information manager.
[[0;32m  OK  [0m] Started LVM2 metadata daemon.
         Starting Create Static Device Nodes in /dev...
         Starting Load/Save Random Seed...
         Starting udev Coldplug all Devices...
         Starting Flush Journal to Persistent Storage...
[[0;32m  OK  [0m] Started Load/Save Random Seed.
[    8.501424] systemd-journald[377]: Received request to flush runtime journal from PID 1
[    8.504904] iscsi: registered transport (iser)
[[0;32m  OK  [0m] Started Load Kernel Modules.
         Mounting FUSE Control File System...
         Starting Apply Kernel Variables...
[[0;32m  OK  [0m] Started Flush Journal to Persistent Storage.
[[0;32m  OK  [0m] Mounted FUSE Control File System.
[[0;32m  OK  [0m] Started Create Static Device Nodes in /dev.
[[0;32m  OK  [0m] Started Apply Kernel Variables.
         Starting udev Kernel Device Manager...
[[0;32m  OK  [0m] Started udev Coldplug all Devices.
[[0;32m  OK  [0m] Started udev Kernel Device Manager.
[[0;32m  OK  [0m] Started Dispatch Password Requests to Console Directory Watch.
[[0;32m  OK  [0m] Found device /dev/ttyS0.
[[0;32m  OK  [0m] Listening on Load/Save RF Kill Switch Status /dev/rfkill Watch.
[[0;32m  OK  [0m] Started Monitoring of LVM2 mirrors,...ng dmeventd or progress polling.
[[0;32m  OK  [0m] Reached target Local File Systems (Pre).
[[0;32m  OK  [0m] Reached target Local File Systems.
         Starting Set console font and keymap...
         Starting LSB: AppArmor initialization...
         Starting Commit a transient machine-id on disk...
         Starting Create Volatile Files and Directories...
         Starting Tell Plymouth To Write Out Runtime Data...
         Starting Initial cloud-init job (pre-networking)...
[[0;32m  OK  [0m] Started Create Volatile Files and Directories.
         Starting Update UTMP about System Boot/Shutdown...
[[0;32m  OK  [0m] Started Update UTMP about System Boot/Shutdown.
[[0;32m  OK  [0m] Started Tell Plymouth To Write Out Runtime Data.
[[0;32m  OK  [0m] Started Commit a transient machine-id on disk.
[[0;32m  OK  [0m] Started Set console font and keymap.
[[0;32m  OK  [0m] Created slice system-getty.slice.
[[0;32m  OK  [0m] Started LSB: AppArmor initialization.
[    9.919935] cloud-init[628]: Cloud-init v. 19.4-33-gbb4131a2-0ubuntu1~16.04.1 running 'init-local' at Fri, 08 May 2020 15:06:42 +0000. Up 9.61 seconds.
[[0;32m  OK  [0m] Started Initial cloud-init job (pre-networking).
[[0;32m  OK  [0m] Reached target Network (Pre).
         Starting Raise network interfaces...
[[0;32m  OK  [0m] Started Raise network interfaces.
[[0;32m  OK  [0m] Reached target Network.
         Starting Initial cloud-init job (metadata service crawler)...
[   10.832252] cloud-init[948]: Cloud-init v. 19.4-33-gbb4131a2-0ubuntu1~16.04.1 running 'init' at Fri, 08 May 2020 15:06:43 +0000. Up 10.39 seconds.
[   10.834120] cloud-init[948]: ci-info: ++++++++++++++++++++++++++++++++++++++Net device info++++++++++++++++++++++++++++++++++++++
[   10.844395] cloud-init[948]: ci-info: +--------+------+----------------------------+---------------+--------+-------------------+
[   10.845752] cloud-init[948]: ci-info: | Device |  Up  |          Address           |      Mask     | Scope  |     Hw-Address    |
[   10.847542] cloud-init[948]: ci-info: +--------+------+----------------------------+---------------+--------+-------------------+
[   10.849579] cloud-init[948]: ci-info: | enp0s3 | True |         10.0.2.15          | 255.255.255.0 | global | 02:7c:3b:f4:17:68 |
[   10.851616] cloud-init[948]: ci-info: | enp0s3 | True | fe80::7c:3bff:fef4:1768/64 |       .       |  link  | 02:7c:3b:f4:17:68 |
[   10.860418] cloud-init[948]: ci-info: |   lo   | True |         127.0.0.1          |   255.0.0.0   |  host  |         .         |
[   10.863349] cloud-init[948]: ci-info: |   lo   | True |          ::1/128           |       .       |  host  |         .         |
[   10.865966] cloud-init[948]: ci-info: +--------+------+----------------------------+---------------+--------+-------------------+
[   10.867982] cloud-init[948]: ci-info: +++++++++++++++++++++++++++Route IPv4 info++++++++++++++++++++++++++++
[   10.870258] cloud-init[948]: ci-info: +-------+-------------+----------+---------------+-----------+-------+
[   10.884071] cloud-init[948]: ci-info: | Route | Destination | Gateway  |    Genmask    | Interface | Flags |
[   10.885875] cloud-init[948]: ci-info: +-------+-------------+----------+---------------+-----------+-------+
[[0;32m  OK  [0m] Started Initial cloud-init job (metadata service crawler).
[[0;32m  OK  [0m] Reached target System Initialization.
[   10.898150] cloud-init[948]: ci-info: |   0   |   0.0.0.0   | 10.0.2.2 |    0.0.0.0    |   enp0s3  |   UG  |
[   10.902558] cloud-init[948]: ci-info: |   1   |   10.0.2.0  | 0.0.0.0  | 255.255.255.0 |   enp0s3  |   U   |
[   10.904783] cloud-init[948]: ci-info: +-------+-------------+----------+---------------+-----------+-------+
[   10.906785] cloud-init[948]: ci-info: +++++++++++++++++++Route IPv6 info+++++++++++++++++++
[[0;32m  OK  [0m] Started ACPI Events Check.
[[0;32m  OK  [0m] Reached target Paths.
[[0;32m  OK  [0m] Listening on UUID daemon activation socket.
[[0;32m  OK  [0m] Started Daily apt download activities.
[   10.911944] cloud-init[948]: ci-info: +-------+-------------+---------+-----------+-------+
[   10.920686] cloud-init[948]: ci-info: | Route | Destination | Gateway | Interface | Flags |
[   10.922347] cloud-init[948]: ci-info: +-------+-------------+---------+-----------+-------+
[[0;32m  OK  [0m] Started Daily apt upgrade and clean activities.
[   10.928228] cloud-init[948]: ci-info: |   0   |  fe80::/64  |    ::   |   enp0s3  |   U   |
[   10.931013] cloud-init[948]: ci-info: |   3   |   ff00::/8  |    ::   |   enp0s3  |   U   |
[   10.932575] cloud-init[948]: ci-info: +-------+-------------+---------+-----------+-------+
[   10.934050] cloud-init[948]: Generating public/private rsa key pair.
[   10.934266] cloud-init[948]: Your identification has been saved in /etc/ssh/ssh_host_rsa_key.
[   10.935069] cloud-init[948]: Your public key has been saved in /etc/ssh/ssh_host_rsa_key.pub.
         Starting LXD - unix socket.
[   10.935662] cloud-init[948]: The key fingerprint is:
[   10.940210] cloud-init[948]: SHA256:Mi06XctCUBI9KKs/8GDsIDl0zddx9z8V3GrGQ4mLfxY root@ubuntu-xenial
[   10.942671] cloud-init[948]: The key's randomart image is:
[   10.942844] cloud-init[948]: +---[RSA 2048]----+
[   10.943423] cloud-init[948]: |    o+.      ....|
         Starting Socket activation for snappy daemon.
[   10.944022] cloud-init[948]: |  . .oo  . ...oo.|
[   10.946769] cloud-init[948]: |   o+  .. o..+...|
[   10.947270] cloud-init[948]: | ... + o .. . E..|
[[0;32m  OK  [0m] Listening on ACPID Listen Socket.
[[   10.947411] cloud-init[948]: |oo.   * S  . o oo|
[   10.949089] cloud-init[948]: |Oo   + * .  . o..|
[   10.949667] cloud-init[948]: |=*  o o o    o  .|
[   10.950230] cloud-init[948]: | .+  . .         |
[   10.950753] cloud-init[948]: |   .             |
[   10.951324] cloud-init[948]: +----[SHA256]-----+
[   10.951896] cloud-init[948]: Generating public/private dsa key pair.
[   10.952481] cloud-init[948]: Your identification has been saved in /etc/ssh/ssh_host_dsa_key.
[   10.953062] cloud-init[948]: Your public key has been saved in /etc/ssh/ssh_host_dsa_key.pub.
[0;32m  OK  [0m] Started Daily Cleanup of Temporary Directories.
[[   10.953127] [0;32m  OK  [0mcloud-init] [948]: Started Message of the Day.The key fingerprint is:

[   10.966637] cloud-init[948]: SHA256:pgfqCnUspHrVq+QaW8ONfUl0zeSUKZII23TbCM21hP8 root@ubuntu-xenial
[   10.966862] cloud-init[948]: The key's randomart image is:
[   10.966894] cloud-init[948]: +---[DSA 1024]----+
[[0;32m  OK  [0m] Reached target Timers.
[[   10.966957] [0;32m  OK  [0mcloud-init] [948]: Listening on D-Bus System Message Bus Socket.|    ..o+.+o oo   |

[   10.971150] cloud-init[948]: |     +.o*=.Bo    |
[   10.971304] cloud-init[948]: |  . . . +o+.+    |
[[0;32m  OK  [0m] Reached target Network is Online.
[   10.971348] cloud-init[948]: | o . . . ..      |
[   10.973925] cloud-init[948]: |. o + o S  .     |
[   10.974780] cloud-init[948]: |.. = = * .  E    |
[   10.980620] cloud-init[948]: |o o B = +        |
[   10.980821] cloud-init[948]: | o B o o         |
[   10.981511] cloud-init[948]: |  +o+            |
[   10.982075] cloud-init[948]: +----[SHA256]-----+
[   10.982652] cloud-init[948]: Generating public/private ecdsa key pair.
[   10.983209] cloud-init[948]: Your identification has been saved in /etc/ssh/ssh_host_ecdsa_key.
[   10.983778] cloud-init[948]: Your public key has been saved in /etc/ssh/ssh_host_ecdsa_key.pub.
[   10.984730] cloud-init[948]: The key fingerprint is:
[   10.985283] cloud-init[948]: SHA256:o0SkDcq5dy/yzt7w4NJfV5y9FlXqcMSCb4ZRjWY1rRQ root@ubuntu-xenial
[   10.985856] cloud-init[948]: The key's randomart image is:
[   10.986415] cloud-init[948]: +---[ECDSA 256]---+
[   10.986982] cloud-init[948]: |    . .    o.=Eo.|
[   10.987544] cloud-init[948]: | . o =    o =.+oo|
[   10.988327] cloud-init[948]: |  + . o    *.oo..|
[   10.988884] cloud-init[948]: |   . .    . +=.o.|
[   10.989444] cloud-init[948]: |  . . o S  o  =..|
[   10.990014] cloud-init[948]: |   . o o .   .  o|
[   10.990782] cloud-init[948]: |    ..= . . .  o |
[   10.991360] cloud-init[948]: |    .=.* . .  .  |
         Starting iSCSI initiator daemon (iscsid)...
[[0;32m  OK  [0m] Reached target Cloud-config availability.
[   10.991974] cloud-init[948]: |     +*.+        |
[   10.996714] cloud-init[948]: +----[SHA256]-----+
[   10.996961] cloud-init[948]: Generating public/private ed25519 key pair.
[[0;32m  OK  [0m] Listening on LXD - unix socket.
[[0;32m  OK  [0m] Listening on Socket activation for snappy daemon.
[[0;32m  OK  [0m] Reached target Sockets.
[[0;32m  OK  [0m] Reached target Basic System.
[   10.997001] cloud-init[948]: Your identification has been saved in /etc/ssh/ssh_host_ed25519_key.
[   11.049054] cloud-init[948]: Your public key has been saved in /etc/ssh/ssh_host_ed25519_key.pub.
         Starting LXD - container startup/shutdown...
[   11.057544] cloud-init[948]: The key fingerprint is:
[   11.068626] cloud-init[[0;32m  OK  [0m] Started Regular background program processing daemon.
[948]: SHA256:u0KlaAZMfZdhxf7UIExybHUJGjxi+51BEhukXhOUVE4 root@ubuntu-xenial
         Starting Login Service...
[   11.089271] cloud-init[948]: The key's randomart image is:
[   11.099688] cloud-init[948]: +--[ED25519 256]--+
         Starting System Logging Service...
[   11.118526] cloud-init[948]: |   .    +&%=E... |
[   11.128426] cloud-init[948]: |  . . ..=+@Oo..  |
[   11.130234] cloud-init[948]: | o   . o.===.o   |
[   11.143353]          cloud-initStarting LSB: Record successful boot for GRUB...[948]: 
|  o    .o...o .  |
[   11.150746] [cloud-init[0;32m  OK  [0m[948]: ] |   . . oS. + o   |Started Deferred execution scheduler.

[[0;32m  OK  [0m] Started FUSE filesystem for LXC.
[   11.151188] cloud-init[948]: |    + o  .. +    |
[   11.158949] [[0;32m  OK  [0m] Started D-Bus System Message Bus.
cloud-init[948]: |   o .  .        |
[   11.169090] cloud-init[948]: |      .  .       |
[   11.172271] cloud-init[948]: |       ..        |
[   11.174509] cloud-init[948]: +----[SHA256]-----+
         Starting Pollinate to seed the pseudo random number generator...
[[0;32m  OK  [0m] Started ACPI event daemon.
         Starting Accounts Service...
         Starting Virtualbox guest utils...
         Starting LSB: MD monitoring daemon...
         Starting Snappy daemon...
         Starting /etc/rc.local Compatibility...
[[0;32m  OK  [0m] Started System Logging Service.
[[0;32m  OK  [0m] Started /etc/rc.local Compatibility.
[[0;32m  OK  [0m] Started iSCSI initiator daemon (iscsid).
         Starting Login to default iSCSI targets...
[[0;32m  OK  [0m] Started Login Service.
[[0;32m  OK  [0m] Started LSB: Record successful boot for GRUB.
[[0;32m  OK  [0m] Started Unattended Upgrades Shutdown.
[[0;32m  OK  [0m] Started Login to default iSCSI targets.
[[0;32m  OK  [0m] Reached target Remote File Systems (Pre).
[[0;32m  OK  [0m] Reached target Remote File Systems.
         Starting Permit User Sessions...
         Starting LSB: automatic crash report generation...
         Starting LSB: Set the CPU Frequency Scaling governor to "ondemand"...
         Starting LSB: daemon to balance interrupts for SMP systems...
[[0;32m  OK  [0m] Started LXD - container startup/shutdown.
[[0;32m  OK  [0m] Started LSB: MD monitoring daemon.
[[0;32m  OK  [0m] Started Permit User Sessions.
         Starting Hold until boot process finishes up...
         Starting Terminate Plymouth Boot Screen...
[[0;32m  OK  [0m] Started Hold until boot process finishes up.
[[0;32m  OK  [0m] Started Terminate Plymouth Boot Screen.
[[0;32m  OK  [0m] Started Getty on tty1.
[[0;32m  OK  [0m] Started Serial Getty on ttyS0.
[[0;32m  OK  [0m] Reached target Login Prompts.
         Starting Set console scheme...
[[0;32m  OK  [0m] Started LSB: Set the CPU Frequency Scaling governor to "ondemand".
[[0;32m  OK  [0m] Started Set console scheme.
[[0;32m  OK  [0m] Started LSB: daemon to balance interrupts for SMP systems.
[[0;32m  OK  [0m] Started LSB: automatic crash report generation.
         Starting Authenticate and Authorize Users to Run Privileged Tasks...
[[0;32m  OK  [0m] Started Virtualbox guest utils.
[[0;32m  OK  [0m] Started Authenticate and Authorize Users to Run Privileged Tasks.
[[0;32m  OK  [0m] Started Accounts Service.
[[0;32m  OK  [0m] Started Snappy daemon.
         Starting Wait until snapd is fully seeded...
[[0;32m  OK  [0m] Started Pollinate to seed the pseudo random number generator.
         Starting OpenBSD Secure Shell server...
[[0;32m  OK  [0m] Started OpenBSD Secure Shell server.
[[0;32m  OK  [0m] Created slice User Slice of vagrant.
         Starting User Manager for UID 1000...
[[0;32m  OK  [0m] Started Session 1 of user vagrant.
[[0;32m  OK  [0m] Started User Manager for UID 1000.
[[0;32m  OK  [0m] Started Wait until snapd is fully seeded.
         Starting Apply the settings specified in cloud-config...
[[0;32m  OK  [0m] Reached target Multi-User System.
[[0;32m  OK  [0m] Reached target Graphical Interface.
         Starting Update UTMP about System Runlevel Changes...
[[0;32m  OK  [0m] Started Update UTMP about System Runlevel Changes.
[   13.059026] cloud-init[1366]: Generating locales (this might take a while)...
         Stopping User Manager for UID 1000...
[[0;32m  OK  [0m] Stopped User Manager for UID 1000.
[[0;32m  OK  [0m] Removed slice User Slice of vagrant.
[   13.678436] cloud-init[1366]:   en_US.UTF-8... done
[   13.684616] cloud-init[1366]: Generation complete.
[[0;32m  OK  [0m] Created slice User Slice of vagrant.
         Starting User Manager for UID 1000...
[[0;32m  OK  [0m] Started Session 2 of user vagrant.
[[0;32m  OK  [0m] Started User Manager for UID 1000.
[   13.929219] cloud-init[1366]: Cloud-init v. 19.4-33-gbb4131a2-0ubuntu1~16.04.1 running 'modules:config' at Fri, 08 May 2020 15:06:45 +0000. Up 12.96 seconds.
[[0;32m  OK  [0m] Started Apply the settings specified in cloud-config.
         Starting Execute cloud user/final scripts...
ci-info: no authorized SSH keys fingerprints found for user ubuntu.
<14>May  8 15:06:47 ec2: 
<14>May  8 15:06:47 ec2: #############################################################
<14>May  8 15:06:47 ec2: -----BEGIN SSH HOST KEY FINGERPRINTS-----
<14>May  8 15:06:47 ec2: 1024 SHA256:pgfqCnUspHrVq+QaW8ONfUl0zeSUKZII23TbCM21hP8 root@ubuntu-xenial (DSA)
<14>May  8 15:06:47 ec2: 256 SHA256:o0SkDcq5dy/yzt7w4NJfV5y9FlXqcMSCb4ZRjWY1rRQ root@ubuntu-xenial (ECDSA)
<14>May  8 15:06:47 ec2: 256 SHA256:u0KlaAZMfZdhxf7UIExybHUJGjxi+51BEhukXhOUVE4 root@ubuntu-xenial (ED25519)
<14>May  8 15:06:47 ec2: 2048 SHA256:Mi06XctCUBI9KKs/8GDsIDl0zddx9z8V3GrGQ4mLfxY root@ubuntu-xenial (RSA)
<14>May  8 15:06:47 ec2: -----END SSH HOST KEY FINGERPRINTS-----
<14>May  8 15:06:47 ec2: #############################################################
-----BEGIN SSH HOST KEY KEYS-----
ecdsa-sha2-nistp256 AAAAE2VjZHNhLXNoYTItbmlzdHAyNTYAAAAIbmlzdHAyNTYAAABBBN3vMg10IRR4vzt+rRIhZP58jPqLY/Ag3BcR01ZCwFRK6/eMxKbuQR2Rh4pG+wbBP5zjPDLGI59KVHI15Fc5AOI= root@ubuntu-xenial
ssh-ed25519 AAAAC3NzaC1lZDI1NTE5AAAAIGcvkURAnILYEWNlS4ZynAfmebL9mk3IMH+NjDIo4Qr2 root@ubuntu-xenial
ssh-rsa AAAAB3NzaC1yc2EAAAADAQABAAABAQC8vYdDBnRGjcRnEBNGIRd25qARnl0OgwqyG8d5USb2ta+NCcrcVJ65rVhZLYBXNIJ/kXrSWvvhmeNNIaU7PcSkbnk48QF0hvLXGOwIS17KuQ0tkzbyys0u2Qpab1cFYWs6BJ1Rs//XIst+gZOTqxzgi5l/U3RDXokZygYBHhO+c4zTXXMdDt/fgZBY66y81QeywJN6TFHOquCrXfYFKKj+sReupl9ygUHR5nPqpVbPkYeX8RIm17UL+a5rJGdQky1I1RiXDMMsUDv7mak/gAzNOWKfI0egLjOcx+TPi+JW77oeCeupJjScd8XDX12H6cvrzkDb+j1N4KGa6Kwx27Hv root@ubuntu-xenial
-----END SSH HOST KEY KEYS-----
[   14.307221] cloud-init[1603]: Cloud-init v. 19.4-33-gbb4131a2-0ubuntu1~16.04.1 running 'modules:final' at Fri, 08 May 2020 15:06:46 +0000. Up 14.18 seconds.
[   14.309913] cloud-init[1603]: ci-info: no authorized SSH keys fingerprints found for user ubuntu.
[   14.316446] cloud-init[1603]: Cloud-init v. 19.4-33-gbb4131a2-0ubuntu1~16.04.1 finished at Fri, 08 May 2020 15:06:47 +0000. Datasource DataSourceNoCloud [seed=/dev/sdb][dsmode=net].  Up 14.30 seconds
[[0;32m  OK  [0m] Started Execute cloud user/final scripts.
[[0;32m  OK  [0m] Reached target Cloud-init target.

Ubuntu 16.04.6 LTS instance ttyS0

instance login: 